2025-11-05 21:16:54,059 [INFO] root:42 - Start data Ingestion
2025-11-05 21:16:57,644 [INFO] root:65 - Performed train test split on the dataframe
2025-11-05 21:16:57,644 [INFO] root:67 - Exited split_data_as_train_test method of Data_Ingestion class
2025-11-05 21:16:57,645 [INFO] root:75 - Exporting train and test file path.
2025-11-05 21:16:58,609 [INFO] root:84 - Exported train and test file path.
2025-11-05 21:16:58,610 [INFO] root:45 - Data Ingestion completed and artifact: DataIngestionArtifact(trained_file_path='Artifacts/11_05_2025_21_12_03/data_ingestion/ingested/train.csv', test_file_path='Artifacts/11_05_2025_21_12_03/data_ingestion/ingested/test.csv')
2025-11-05 21:16:58,632 [INFO] root:55 - Initiate the data Validation
2025-11-05 21:16:58,769 [INFO] root:32 - Required number of columns:2
2025-11-05 21:16:58,769 [INFO] root:33 - Data frame has columns:31
2025-11-05 21:16:58,769 [INFO] root:32 - Required number of columns:2
2025-11-05 21:16:58,769 [INFO] root:33 - Data frame has columns:31
2025-11-05 21:16:59,323 [INFO] root:63 - Entered initiate_data_transformation method of DataTransformation class
2025-11-05 21:16:59,323 [INFO] root:65 - Starting data transformation
2025-11-05 21:16:59,389 [INFO] root:48 - Entered get_data_trnasformer_object method of Trnasformation class
2025-11-05 21:16:59,389 [INFO] root:53 - Initialise KNNImputer with {'missing_values': nan, 'n_neighbors': 3, 'weights': 'uniform'}
2025-11-05 21:16:59,439 [INFO] root:46 - Entered the save_object method of MainUtils class
2025-11-05 21:16:59,446 [INFO] root:50 - Exited the save_object method of MainUtils class
2025-11-05 21:16:59,446 [INFO] root:46 - Entered the save_object method of MainUtils class
2025-11-05 21:16:59,459 [INFO] root:50 - Exited the save_object method of MainUtils class
2025-11-05 21:23:27,911 [INFO] root:107 - ✅ Model comparison plot saved.
2025-11-05 21:23:27,921 [INFO] root:121 - ✅ Best Model Selected: Random Forest (F1 Score: 0.8813045718986313)
2025-11-05 21:24:42,741 [INFO] root:46 - Entered the save_object method of MainUtils class
2025-11-05 21:24:42,987 [INFO] root:50 - Exited the save_object method of MainUtils class
2025-11-05 21:24:42,987 [INFO] root:46 - Entered the save_object method of MainUtils class
2025-11-05 21:24:43,452 [INFO] root:50 - Exited the save_object method of MainUtils class
2025-11-05 21:24:43,452 [INFO] root:176 - ✅ Model trainer artifact created: ModelTrainerArtifact(trained_model_file_path='Artifacts/11_05_2025_21_12_03/model_trainer/trained_model/model.pkl', train_metric_artifact=ClassificationMetricArtifact(f1_score=0.9920386979744029, precision_score=0.9887505022097228, recall_score=0.9953488372093023), test_metric_artifact=ClassificationMetricArtifact(f1_score=0.9733715690290864, precision_score=0.9666395443449959, recall_score=0.9801980198019802))
