2025-11-05 21:48:12,279 [INFO] root:42 - Start data Ingestion
2025-11-05 21:48:14,386 [INFO] root:65 - Performed train test split on the dataframe
2025-11-05 21:48:14,386 [INFO] root:67 - Exited split_data_as_train_test method of Data_Ingestion class
2025-11-05 21:48:14,386 [INFO] root:75 - Exporting train and test file path.
2025-11-05 21:48:14,493 [INFO] root:84 - Exported train and test file path.
2025-11-05 21:48:14,494 [INFO] root:45 - Data Ingestion completed and artifact: DataIngestionArtifact(trained_file_path='Artifacts/11_05_2025_21_46_12/data_ingestion/ingested/train.csv', test_file_path='Artifacts/11_05_2025_21_46_12/data_ingestion/ingested/test.csv')
2025-11-05 21:48:14,501 [INFO] root:55 - Initiate the data Validation
2025-11-05 21:48:14,544 [INFO] root:32 - Required number of columns:2
2025-11-05 21:48:14,544 [INFO] root:33 - Data frame has columns:31
2025-11-05 21:48:14,544 [INFO] root:32 - Required number of columns:2
2025-11-05 21:48:14,544 [INFO] root:33 - Data frame has columns:31
2025-11-05 21:48:14,769 [INFO] root:63 - Entered initiate_data_transformation method of DataTransformation class
2025-11-05 21:48:14,770 [INFO] root:65 - Starting data transformation
2025-11-05 21:48:14,811 [INFO] root:48 - Entered get_data_trnasformer_object method of Trnasformation class
2025-11-05 21:48:14,811 [INFO] root:53 - Initialise KNNImputer with {'missing_values': nan, 'n_neighbors': 3, 'weights': 'uniform'}
2025-11-05 21:48:14,842 [INFO] root:46 - Entered the save_object method of MainUtils class
2025-11-05 21:48:14,847 [INFO] root:50 - Exited the save_object method of MainUtils class
2025-11-05 21:48:14,847 [INFO] root:46 - Entered the save_object method of MainUtils class
2025-11-05 21:48:14,854 [INFO] root:50 - Exited the save_object method of MainUtils class
2025-11-05 21:52:21,701 [INFO] root:126 - ✅ Best Model Selected: Random Forest (F1 Score: 0.8780260287369293)
2025-11-05 21:53:09,819 [INFO] root:46 - Entered the save_object method of MainUtils class
2025-11-05 21:53:09,942 [INFO] root:50 - Exited the save_object method of MainUtils class
2025-11-05 21:53:09,942 [INFO] root:46 - Entered the save_object method of MainUtils class
2025-11-05 21:53:10,022 [INFO] root:50 - Exited the save_object method of MainUtils class
2025-11-05 21:53:10,022 [INFO] root:183 - ✅ Model trainer artifact created: ModelTrainerArtifact(trained_model_file_path='Artifacts/11_05_2025_21_46_12/model_trainer/trained_model/model.pkl', train_metric_artifact=ClassificationMetricArtifact(f1_score=0.9909174405551587, precision_score=0.98920130399348, recall_score=0.9926395420159476), test_metric_artifact=ClassificationMetricArtifact(f1_score=0.9739747634069401, precision_score=0.9724409448818898, recall_score=0.9755134281200631))
