2025-11-05 11:53:36,122 [INFO] root:17 - Initiate the data ingestion
2025-11-05 11:53:38,076 [INFO] root:65 - Performed train test split on the dataframe
2025-11-05 11:53:38,076 [INFO] root:67 - Exited split_data_as_train_test method of Data_Ingestion class
2025-11-05 11:53:38,076 [INFO] root:75 - Exporting train and test file path.
2025-11-05 11:53:38,166 [INFO] root:84 - Exported train and test file path.
2025-11-05 11:53:38,167 [INFO] root:19 - Data Initiation Completed
2025-11-05 11:53:38,173 [INFO] root:23 - Initiate the data Validation
2025-11-05 11:53:38,226 [INFO] root:32 - Required number of columns:2
2025-11-05 11:53:38,226 [INFO] root:33 - Data frame has columns:31
2025-11-05 11:53:38,226 [INFO] root:32 - Required number of columns:2
2025-11-05 11:53:38,226 [INFO] root:33 - Data frame has columns:31
2025-11-05 11:53:38,418 [INFO] root:25 - data Validation Completed
2025-11-05 11:53:38,418 [INFO] root:28 - data Transformation started
2025-11-05 11:53:38,418 [INFO] root:63 - Entered initiate_data_transformation method of DataTransformation class
2025-11-05 11:53:38,418 [INFO] root:65 - Starting data transformation
2025-11-05 11:53:38,458 [INFO] root:48 - Entered get_data_trnasformer_object method of Trnasformation class
2025-11-05 11:53:38,458 [INFO] root:53 - Initialise KNNImputer with {'missing_values': nan, 'n_neighbors': 3, 'weights': 'uniform'}
2025-11-05 11:53:38,493 [INFO] root:46 - Entered the save_object method of MainUtils class
2025-11-05 11:53:38,508 [INFO] root:50 - Exited the save_object method of MainUtils class
2025-11-05 11:53:38,508 [INFO] root:46 - Entered the save_object method of MainUtils class
2025-11-05 11:53:38,515 [INFO] root:50 - Exited the save_object method of MainUtils class
2025-11-05 11:53:38,516 [INFO] root:32 - data Transformation completed
2025-11-05 11:53:38,516 [INFO] root:34 - Model Training started
2025-11-05 11:58:06,870 [INFO] root:46 - Entered the save_object method of MainUtils class
2025-11-05 11:58:06,873 [INFO] root:50 - Exited the save_object method of MainUtils class
2025-11-05 11:58:06,873 [INFO] root:150 - Model trainer artifact: ModelTrainerArtifact(trained_model_file_path='Artifacts/11_05_2025_11_53_23/model_trainer/trained_model/model.pkl', train_metric_artifact=ClassificationMetricArtifact(f1_score=0.990487755515078, precision_score=0.9874899112187248, recall_score=0.9935038570848559), test_metric_artifact=ClassificationMetricArtifact(f1_score=0.9741727199354318, precision_score=0.9679230152365678, recall_score=0.9805036555645816))
2025-11-05 11:58:06,880 [INFO] root:39 - Model Training artifact created
