2025-11-05 13:07:53,580 [INFO] httpx:1025 - HTTP Request: GET https://dagshub.com/api/v1/user "HTTP/1.1 200 OK"
2025-11-05 13:07:53,602 [INFO] dagshub:107 - Accessing as kanishravesh
2025-11-05 13:07:54,625 [INFO] httpx:1025 - HTTP Request: GET https://dagshub.com/api/v1/repos/kanishravesh/networksecurity-mainmacos "HTTP/1.1 200 OK"
2025-11-05 13:07:55,922 [INFO] httpx:1025 - HTTP Request: GET https://dagshub.com/api/v1/user "HTTP/1.1 200 OK"
2025-11-05 13:07:55,924 [INFO] dagshub:107 - Initialized MLflow to track repo "kanishravesh/networksecurity-mainmacos"
2025-11-05 13:07:55,924 [INFO] dagshub:107 - Repository kanishravesh/networksecurity-mainmacos initialized!
2025-11-05 13:11:01,379 [INFO] root:42 - Start data Ingestion
2025-11-05 13:11:05,405 [INFO] root:65 - Performed train test split on the dataframe
2025-11-05 13:11:05,405 [INFO] root:67 - Exited split_data_as_train_test method of Data_Ingestion class
2025-11-05 13:11:05,406 [INFO] root:75 - Exporting train and test file path.
2025-11-05 13:11:05,516 [INFO] root:84 - Exported train and test file path.
2025-11-05 13:11:05,517 [INFO] root:45 - Data Ingestion completed and artifact: DataIngestionArtifact(trained_file_path='Artifacts/11_05_2025_13_07_46/data_ingestion/ingested/train.csv', test_file_path='Artifacts/11_05_2025_13_07_46/data_ingestion/ingested/test.csv')
2025-11-05 13:11:05,529 [INFO] root:55 - Initiate the data Validation
2025-11-05 13:11:05,575 [INFO] root:32 - Required number of columns:2
2025-11-05 13:11:05,576 [INFO] root:33 - Data frame has columns:31
2025-11-05 13:11:05,576 [INFO] root:32 - Required number of columns:2
2025-11-05 13:11:05,576 [INFO] root:33 - Data frame has columns:31
2025-11-05 13:11:05,808 [INFO] root:63 - Entered initiate_data_transformation method of DataTransformation class
2025-11-05 13:11:05,808 [INFO] root:65 - Starting data transformation
2025-11-05 13:11:05,895 [INFO] root:48 - Entered get_data_trnasformer_object method of Trnasformation class
2025-11-05 13:11:05,896 [INFO] root:53 - Initialise KNNImputer with {'missing_values': nan, 'n_neighbors': 3, 'weights': 'uniform'}
2025-11-05 13:11:05,950 [INFO] root:46 - Entered the save_object method of MainUtils class
2025-11-05 13:11:05,957 [INFO] root:50 - Exited the save_object method of MainUtils class
2025-11-05 13:11:05,957 [INFO] root:46 - Entered the save_object method of MainUtils class
2025-11-05 13:11:05,966 [INFO] root:50 - Exited the save_object method of MainUtils class
