2025-11-05 19:45:03,221 [INFO] root:42 - Start data Ingestion
2025-11-05 19:45:04,862 [INFO] root:65 - Performed train test split on the dataframe
2025-11-05 19:45:04,862 [INFO] root:67 - Exited split_data_as_train_test method of Data_Ingestion class
2025-11-05 19:45:04,862 [INFO] root:75 - Exporting train and test file path.
2025-11-05 19:45:05,031 [INFO] root:84 - Exported train and test file path.
2025-11-05 19:45:05,032 [INFO] root:45 - Data Ingestion completed and artifact: DataIngestionArtifact(trained_file_path='Artifacts/11_05_2025_19_44_34/data_ingestion/ingested/train.csv', test_file_path='Artifacts/11_05_2025_19_44_34/data_ingestion/ingested/test.csv')
2025-11-05 19:45:05,047 [INFO] root:55 - Initiate the data Validation
2025-11-05 19:45:05,138 [INFO] root:32 - Required number of columns:2
2025-11-05 19:45:05,139 [INFO] root:33 - Data frame has columns:31
2025-11-05 19:45:05,139 [INFO] root:32 - Required number of columns:2
2025-11-05 19:45:05,139 [INFO] root:33 - Data frame has columns:31
2025-11-05 19:45:05,541 [INFO] root:63 - Entered initiate_data_transformation method of DataTransformation class
2025-11-05 19:45:05,541 [INFO] root:65 - Starting data transformation
2025-11-05 19:45:05,617 [INFO] root:48 - Entered get_data_trnasformer_object method of Trnasformation class
2025-11-05 19:45:05,617 [INFO] root:53 - Initialise KNNImputer with {'missing_values': nan, 'n_neighbors': 3, 'weights': 'uniform'}
2025-11-05 19:45:05,657 [INFO] root:46 - Entered the save_object method of MainUtils class
2025-11-05 19:45:05,664 [INFO] root:50 - Exited the save_object method of MainUtils class
2025-11-05 19:45:05,665 [INFO] root:46 - Entered the save_object method of MainUtils class
2025-11-05 19:45:05,672 [INFO] root:50 - Exited the save_object method of MainUtils class
2025-11-05 19:48:33,963 [INFO] root:116 - Best model: Random Forest with F1 Score: 0.8824756652602904
2025-11-05 19:48:35,052 [INFO] root:46 - Entered the save_object method of MainUtils class
2025-11-05 19:48:35,079 [INFO] root:50 - Exited the save_object method of MainUtils class
2025-11-05 19:48:35,079 [INFO] root:46 - Entered the save_object method of MainUtils class
2025-11-05 19:48:35,105 [INFO] root:50 - Exited the save_object method of MainUtils class
2025-11-05 19:48:35,106 [INFO] root:158 - Model trainer artifact: ModelTrainerArtifact(trained_model_file_path='Artifacts/11_05_2025_19_44_34/model_trainer/trained_model/model.pkl', train_metric_artifact=ClassificationMetricArtifact(f1_score=0.9915847105343202, precision_score=0.9886777193691872, recall_score=0.9945088468578401), test_metric_artifact=ClassificationMetricArtifact(f1_score=0.9744204636290967, precision_score=0.9659270998415214, recall_score=0.9830645161290322))
